mate-polkit
man-db
man-pages
man-pages-pt_br
xorg-xev
polybar
phonon-qt5-gstreamer
alacritty
baobab
base
base-devel
blueman
brightnessctl
btrfs-progs
copyq
discord
dmenu
docker
docker-compose
dolphin
dunst
efibootmgr
epiphany
evince
fd
firefox
fzf
gdm
git
gnome-backgrounds
gnome-calculator
gnome-calendar
gnome-characters
gnome-clocks
gnome-color-manager
gnome-connections
gnome-console
gnome-contacts
gnome-control-center
gnome-disk-utility
gnome-font-viewer
gnome-keyring
gnome-logs
gnome-maps
gnome-menus
gnome-music
gnome-remote-desktop
gnome-session
gnome-settings-daemon
gnome-shell
gnome-shell-extensions
gnome-software
gnome-system-monitor
gnome-text-editor
gnome-tour
gnome-tweaks
gnome-user-docs
gnome-user-share
gnome-weather
grilo-plugins
grim
grub
gst-plugin-pipewire
gvfs
gvfs-afc
gvfs-goa
gvfs-google
gvfs-gphoto2
gvfs-mtp
gvfs-nfs
gvfs-smb
htop
hyprland
i3-wm
i3blocks
i3lock
i3status
intel-media-driver
intel-ucode
iwd
jq
kitty
less
libpulse
libva-intel-driver
libva-mesa-driver
lightdm
lightdm-gtk-greeter
linux
linux-firmware
loupe
luarocks
lynx
malcontent
mate-polkit
nano
nautilus
neovim
net-tools
network-manager-applet
networkmanager
nodejs
npm
numlockx
obs-studio
orca
pamixer
pavucontrol
pipewire
pipewire-alsa
pipewire-jack
pipewire-pulse
python-pip
python-pynvim
qt5-wayland
qt6-wayland
rclone
ripgrep
rsync
rygel
simple-scan
slurp
smartmontools
snapshot
sof-firmware
starship
sushi
swayidle
tecla
telegram-desktop
thunderbird
totem
tracker3-miners
ttf-firacode-nerd
ttf-jetbrains-mono-nerd
vulkan-intel
vulkan-radeon
waybar
wayland-utils
wev
wget
wireless_tools
wireplumber
wl-clipboard
wl-mirror
wofi
xdg-desktop-portal-gnome
xdg-desktop-portal-hyprland
xdg-user-dirs-gtk
xdg-utils
xf86-video-amdgpu
xf86-video-ati
xf86-video-nouveau
xf86-video-vmware
xorg-xinit
xterm
yelp
zenity
zram-generator
zsh
zsh-autosuggestions
zsh-completions
zsh-syntax-highlighting
